<?xml version="1.0" encoding="UTF-8"?>
<testsuite xmlns:xsi="http://www.w3.org/2001/XMLSchema-instance" xsi:noNamespaceSchemaLocation="https://maven.apache.org/surefire/maven-surefire-plugin/xsd/surefire-test-report.xsd" name="i3a.asn.parser.StartParserTest" time="0.021" tests="7" errors="0" skipped="0" failures="0">
  <properties>
[...]
</properties>
  <testcase name="testMultiplyBeforeadd" classname="i3a.asn.parser.StartParserTest" time="0.008"/>
  <testcase name="testReturnVar" classname="i3a.asn.parser.StartParserTest" time="0.001"/>
  <testcase name="testMultiplyVar" classname="i3a.asn.parser.StartParserTest" time="0.001"/>
  <testcase name="testAddVar" classname="i3a.asn.parser.StartParserTest" time="0.001"/>
  <testcase name="testTrueIf" classname="i3a.asn.parser.StartParserTest" time="0.001"/>
  <testcase name="testSubtractVar" classname="i3a.asn.parser.StartParserTest" time="0.001"/>
  <testcase name="testChangeVar" classname="i3a.asn.parser.StartParserTest" time="0"/>
</testsuite>